2023-11-24 23:58:49 Loading main app package /opt/Obsidian/resources/obsidian.asar
2023-11-24 23:58:49 Checking for update using Github
2023-11-24 23:58:49 Success.
2023-11-24 23:58:49 Latest version is 1.4.16
2023-11-24 23:58:49 App is up to date.
2023-11-24 23:59:00 Loading main app package /opt/Obsidian/resources/obsidian.asar
2023-11-24 23:59:00 Checking for update using Github
2023-11-24 23:59:00 Success.
2023-11-24 23:59:00 Latest version is 1.4.16
2023-11-24 23:59:00 App is up to date.
2023-11-25 13:13:59 Loading main app package /opt/Obsidian/resources/obsidian.asar
2023-11-25 13:13:59 Checking for update using Github
2023-11-25 13:14:00 Success.
2023-11-25 13:14:00 Latest version is 1.4.16
2023-11-25 13:14:00 App is up to date.
2023-11-25 13:24:23 Loading main app package /opt/Obsidian/resources/obsidian.asar
2023-11-25 13:24:23 Checking for update using Github
2023-11-25 13:24:23 Success.
2023-11-25 13:24:23 Latest version is 1.4.16
2023-11-25 13:24:23 App is up to date.
2023-11-25 13:27:17 Loading main app package /opt/Obsidian/resources/obsidian.asar
2023-11-25 13:27:17 Checking for update using Github
2023-11-25 13:27:17 Success.
2023-11-25 13:27:17 Latest version is 1.4.16
2023-11-25 13:27:17 App is up to date.
2023-12-22 14:30:36 Loading main app package /opt/Obsidian/resources/obsidian.asar
2023-12-22 14:30:36 Checking for update using Github
2023-12-22 14:30:41 Success.
2023-12-22 14:30:41 Latest version is 1.4.16
2023-12-22 14:30:41 App is up to date.
2024-06-24 13:07:58 Loading main app package /opt/Obsidian/resources/obsidian.asar
2024-06-24 13:07:58 Checking for update using Github
2024-06-24 13:07:59 Success.
2024-06-24 13:07:59 Latest version is 1.6.3
2024-06-24 13:07:59 Downloading update from https://github.com/obsidianmd/obsidian-releases/releases/download/v1.6.3/obsidian-1.6.3.asar.gz
2024-06-24 13:08:00 Verifying hash & signature. Size= 8794449
2024-06-24 13:08:00 Saving file
2024-06-24 13:08:00 Update complete.
2024-06-24 13:09:46 Loading updated app package /home/stephan/.config/obsidian/obsidian-1.6.3.asar
2024-06-24 13:09:46 Checking for update using Github
2024-06-24 13:09:46 Success.
2024-06-24 13:09:46 Latest version is 1.6.3
2024-06-24 13:09:46 App is up to date.
2024-06-24 14:09:46 Checking for update using Github
2024-06-24 14:09:46 Success.
2024-06-24 14:09:46 Latest version is 1.6.3
2024-06-24 14:09:46 App is up to date.
2024-06-24 15:09:46 Checking for update using Github
2024-06-24 15:09:46 Success.
2024-06-24 15:09:46 Latest version is 1.6.3
2024-06-24 15:09:46 App is up to date.
2024-06-24 16:09:46 Checking for update using Github
2024-06-24 16:09:46 Success.
2024-06-24 16:09:46 Latest version is 1.6.3
2024-06-24 16:09:46 App is up to date.
2024-06-24 17:09:46 Checking for update using Github
2024-06-24 17:09:46 Success.
2024-06-24 17:09:46 Latest version is 1.6.3
2024-06-24 17:09:46 App is up to date.
2024-06-24 18:09:46 Checking for update using Github
2024-06-24 18:09:46 Success.
2024-06-24 18:09:46 Latest version is 1.6.3
2024-06-24 18:09:46 App is up to date.
2024-06-25 12:45:43 Loading updated app package /home/stephan/.config/obsidian/obsidian-1.6.3.asar
2024-06-25 12:45:43 Checking for update using Github
2024-06-25 12:45:43 Success.
2024-06-25 12:45:43 Latest version is 1.6.3
2024-06-25 12:45:43 App is up to date.
2024-06-25 13:45:43 Checking for update using Github
2024-06-25 13:45:43 Success.
2024-06-25 13:45:43 Latest version is 1.6.3
2024-06-25 13:45:43 App is up to date.
2024-06-25 14:45:43 Checking for update using Github
2024-06-25 14:45:43 Success.
2024-06-25 14:45:43 Latest version is 1.6.3
2024-06-25 14:45:43 App is up to date.
2024-06-25 15:45:43 Checking for update using Github
2024-06-25 15:45:43 Success.
2024-06-25 15:45:43 Latest version is 1.6.5
2024-06-25 15:45:43 Downloading update from https://github.com/obsidianmd/obsidian-releases/releases/download/v1.6.5/obsidian-1.6.5.asar.gz
2024-06-25 15:45:44 Verifying hash & signature. Size= 8839622
2024-06-25 15:45:44 Saving file
2024-06-25 15:45:44 Update complete.
2024-06-25 16:45:43 Checking for update using Github
2024-06-25 16:45:43 Success.
2024-06-25 16:45:43 Latest version is 1.6.5
2024-06-25 16:45:43 An update is already downloaded.
2024-06-25 17:45:43 Checking for update using Github
2024-06-25 17:45:43 Success.
2024-06-25 17:45:43 Latest version is 1.6.5
2024-06-25 17:45:43 An update is already downloaded.
2024-06-25 18:45:43 Checking for update using Github
2024-06-25 18:45:43 Success.
2024-06-25 18:45:43 Latest version is 1.6.5
2024-06-25 18:45:43 An update is already downloaded.
2024-06-25 19:45:43 Checking for update using Github
2024-06-25 19:45:44 Success.
2024-06-25 19:45:44 Latest version is 1.6.5
2024-06-25 19:45:44 An update is already downloaded.
2024-06-25 21:42:02 Checking for update using Github
2024-06-25 21:42:02 Success.
2024-06-25 21:42:02 Latest version is 1.6.5
2024-06-25 21:42:02 An update is already downloaded.
2024-06-25 22:42:02 Checking for update using Github
2024-06-25 22:42:02 Success.
2024-06-25 22:42:02 Latest version is 1.6.5
2024-06-25 22:42:02 An update is already downloaded.
2024-06-25 23:42:02 Checking for update using Github
2024-06-25 23:42:02 Success.
2024-06-25 23:42:02 Latest version is 1.6.5
2024-06-25 23:42:02 An update is already downloaded.
2024-06-26 00:42:02 Checking for update using Github
2024-06-26 00:42:02 Success.
2024-06-26 00:42:02 Latest version is 1.6.5
2024-06-26 00:42:02 An update is already downloaded.
2024-06-26 01:42:02 Checking for update using Github
2024-06-26 01:42:02 Success.
2024-06-26 01:42:02 Latest version is 1.6.5
2024-06-26 01:42:02 An update is already downloaded.
2024-06-26 02:42:02 Checking for update using Github
2024-06-26 02:42:02 Success.
2024-06-26 02:42:02 Latest version is 1.6.5
2024-06-26 02:42:02 An update is already downloaded.
2024-06-26 03:42:02 Checking for update using Github
2024-06-26 03:42:02 Success.
2024-06-26 03:42:02 Latest version is 1.6.5
2024-06-26 03:42:02 An update is already downloaded.
2024-06-26 04:42:02 Checking for update using Github
2024-06-26 04:42:02 Success.
2024-06-26 04:42:02 Latest version is 1.6.5
2024-06-26 04:42:02 An update is already downloaded.
2024-06-26 05:42:02 Checking for update using Github
2024-06-26 05:42:02 Success.
2024-06-26 05:42:02 Latest version is 1.6.5
2024-06-26 05:42:02 An update is already downloaded.
2024-06-26 06:42:02 Checking for update using Github
2024-06-26 06:42:02 Success.
2024-06-26 06:42:02 Latest version is 1.6.5
2024-06-26 06:42:02 An update is already downloaded.
2024-06-26 07:42:02 Checking for update using Github
2024-06-26 07:42:03 Success.
2024-06-26 07:42:03 Latest version is 1.6.5
2024-06-26 07:42:03 An update is already downloaded.
2024-06-26 08:42:03 Checking for update using Github
2024-06-26 08:42:03 Success.
2024-06-26 08:42:03 Latest version is 1.6.5
2024-06-26 08:42:03 An update is already downloaded.
2024-06-26 09:42:03 Checking for update using Github
2024-06-26 09:42:03 Success.
2024-06-26 09:42:03 Latest version is 1.6.5
2024-06-26 09:42:03 An update is already downloaded.
2024-06-26 13:16:13 Loading updated app package /home/stephan/.config/obsidian/obsidian-1.6.5.asar
2024-06-26 13:16:13 Checking for update using Github
2024-06-26 13:16:13 Success.
2024-06-26 13:16:13 Latest version is 1.6.5
2024-06-26 13:16:13 App is up to date.
2024-06-26 14:16:13 Checking for update using Github
2024-06-26 14:16:13 Success.
2024-06-26 14:16:13 Latest version is 1.6.5
2024-06-26 14:16:13 App is up to date.
2024-06-26 15:16:13 Checking for update using Github
2024-06-26 15:16:13 Success.
2024-06-26 15:16:13 Latest version is 1.6.5
2024-06-26 15:16:13 App is up to date.
2024-06-26 16:16:13 Checking for update using Github
2024-06-26 16:16:13 Success.
2024-06-26 16:16:13 Latest version is 1.6.5
2024-06-26 16:16:13 App is up to date.
2024-06-26 17:16:13 Checking for update using Github
2024-06-26 17:16:13 Success.
2024-06-26 17:16:13 Latest version is 1.6.5
2024-06-26 17:16:13 App is up to date.
2024-06-26 18:16:13 Checking for update using Github
2024-06-26 18:16:13 Success.
2024-06-26 18:16:13 Latest version is 1.6.5
2024-06-26 18:16:13 App is up to date.
2024-06-27 14:22:43 Loading updated app package /home/stephan/.config/obsidian/obsidian-1.6.5.asar
2024-06-27 14:22:43 Checking for update using Github
2024-06-27 14:22:43 Success.
2024-06-27 14:22:43 Latest version is 1.6.5
2024-06-27 14:22:43 App is up to date.
2024-06-27 15:22:43 Checking for update using Github
2024-06-27 15:22:43 Success.
2024-06-27 15:22:43 Latest version is 1.6.5
2024-06-27 15:22:43 App is up to date.
2024-06-27 16:22:43 Checking for update using Github
2024-06-27 16:22:43 Success.
2024-06-27 16:22:43 Latest version is 1.6.5
2024-06-27 16:22:43 App is up to date.
2024-06-27 17:41:00 Checking for update using Github
2024-06-27 17:41:00 Success.
2024-06-27 17:41:00 Latest version is 1.6.5
2024-06-27 17:41:00 App is up to date.
2024-06-27 18:41:00 Checking for update using Github
2024-06-27 18:41:00 Success.
2024-06-27 18:41:00 Latest version is 1.6.5
2024-06-27 18:41:00 App is up to date.
2024-06-27 19:41:00 Checking for update using Github
2024-06-27 19:41:00 Success.
2024-06-27 19:41:00 Latest version is 1.6.5
2024-06-27 19:41:00 App is up to date.
2024-06-28 08:25:54 Loading updated app package /home/stephan/.config/obsidian/obsidian-1.6.5.asar
2024-06-28 08:25:55 Checking for update using Github
2024-06-28 08:25:55 Success.
2024-06-28 08:25:55 Latest version is 1.6.5
2024-06-28 08:25:55 App is up to date.
2024-06-28 09:25:56 Checking for update using Github
2024-06-28 09:25:56 Success.
2024-06-28 09:25:56 Latest version is 1.6.5
2024-06-28 09:25:56 App is up to date.
2024-06-28 10:25:56 Checking for update using Github
2024-06-28 10:25:56 Success.
2024-06-28 10:25:56 Latest version is 1.6.5
2024-06-28 10:25:56 App is up to date.
2024-06-28 11:33:29 Checking for update using Github
2024-06-28 11:33:30 Success.
2024-06-28 11:33:30 Latest version is 1.6.5
2024-06-28 11:33:30 App is up to date.
2024-06-28 13:18:41 Checking for update using Github
2024-06-28 13:18:41 Success.
2024-06-28 13:18:41 Latest version is 1.6.5
2024-06-28 13:18:41 App is up to date.
2024-06-28 14:18:41 Checking for update using Github
2024-06-28 14:18:41 Success.
2024-06-28 14:18:41 Latest version is 1.6.5
2024-06-28 14:18:41 App is up to date.
2024-06-28 18:33:02 Loading updated app package /home/stephan/.config/obsidian/obsidian-1.6.5.asar
2024-06-28 18:33:02 Checking for update using Github
2024-06-28 18:33:02 Success.
2024-06-28 18:33:02 Latest version is 1.6.5
2024-06-28 18:33:02 App is up to date.
2024-06-28 19:16:47 Loading updated app package /home/stephan/.config/obsidian/obsidian-1.6.5.asar
2024-06-28 19:16:48 Checking for update using Github
2024-06-28 19:16:48 Success.
2024-06-28 19:16:48 Latest version is 1.6.5
2024-06-28 19:16:48 App is up to date.
2024-06-29 09:09:04 Loading updated app package /home/stephan/.config/obsidian/obsidian-1.6.5.asar
2024-06-29 09:09:04 Checking for update using Github
2024-06-29 09:09:05 Success.
2024-06-29 09:09:05 Latest version is 1.6.5
2024-06-29 09:09:05 App is up to date.
2024-06-29 10:09:04 Checking for update using Github
2024-06-29 10:09:04 Success.
2024-06-29 10:09:04 Latest version is 1.6.5
2024-06-29 10:09:04 App is up to date.
2024-06-29 11:09:04 Checking for update using Github
2024-06-29 11:09:04 Success.
2024-06-29 11:09:04 Latest version is 1.6.5
2024-06-29 11:09:04 App is up to date.
2024-06-29 12:09:04 Checking for update using Github
2024-06-29 12:09:05 Success.
2024-06-29 12:09:05 Latest version is 1.6.5
2024-06-29 12:09:05 App is up to date.
2024-07-04 08:32:37 Loading updated app package /home/stephan/.config/obsidian/obsidian-1.6.5.asar
2024-07-04 08:32:37 Checking for update using Github
2024-07-04 08:32:37 Success.
2024-07-04 08:32:37 Latest version is 1.6.5
2024-07-04 08:32:37 App is up to date.
2024-07-04 09:32:37 Checking for update using Github
2024-07-04 09:32:37 Success.
2024-07-04 09:32:37 Latest version is 1.6.5
2024-07-04 09:32:37 App is up to date.
2024-07-04 10:32:37 Checking for update using Github
2024-07-04 10:32:37 Success.
2024-07-04 10:32:37 Latest version is 1.6.5
2024-07-04 10:32:37 App is up to date.
2024-07-04 11:32:37 Checking for update using Github
2024-07-04 11:32:37 Success.
2024-07-04 11:32:37 Latest version is 1.6.5
2024-07-04 11:32:37 App is up to date.
2024-07-04 12:32:37 Checking for update using Github
2024-07-04 12:32:37 Success.
2024-07-04 12:32:37 Latest version is 1.6.5
2024-07-04 12:32:37 App is up to date.
2024-07-04 13:32:37 Checking for update using Github
2024-07-04 13:32:37 Success.
2024-07-04 13:32:37 Latest version is 1.6.5
2024-07-04 13:32:37 App is up to date.
2024-07-04 14:52:39 Checking for update using Github
2024-07-04 14:52:39 Success.
2024-07-04 14:52:39 Latest version is 1.6.5
2024-07-04 14:52:39 App is up to date.
2024-07-06 10:34:52 Loading updated app package /home/stephan/.config/obsidian/obsidian-1.6.5.asar
2024-07-06 10:34:52 Checking for update using Github
2024-07-06 10:34:52 Success.
2024-07-06 10:34:52 Latest version is 1.6.5
2024-07-06 10:34:52 App is up to date.
2024-07-06 11:34:52 Checking for update using Github
2024-07-06 11:34:52 Success.
2024-07-06 11:34:52 Latest version is 1.6.5
2024-07-06 11:34:52 App is up to date.
2024-07-06 12:34:52 Checking for update using Github
2024-07-06 12:34:52 Success.
2024-07-06 12:34:52 Latest version is 1.6.5
2024-07-06 12:34:52 App is up to date.
2024-07-08 07:27:34 Loading updated app package /home/stephan/.config/obsidian/obsidian-1.6.5.asar
2024-07-08 07:27:34 Checking for update using Github
2024-07-08 07:27:34 Success.
2024-07-08 07:27:34 Latest version is 1.6.5
2024-07-08 07:27:34 App is up to date.
2024-07-08 08:27:34 Checking for update using Github
2024-07-08 08:27:34 Success.
2024-07-08 08:27:34 Latest version is 1.6.5
2024-07-08 08:27:34 App is up to date.
2024-07-08 09:27:34 Checking for update using Github
2024-07-08 09:27:34 Success.
2024-07-08 09:27:34 Latest version is 1.6.5
2024-07-08 09:27:34 App is up to date.
2024-07-08 10:27:34 Checking for update using Github
2024-07-08 10:27:34 Success.
2024-07-08 10:27:34 Latest version is 1.6.5
2024-07-08 10:27:34 App is up to date.
2024-07-08 11:27:34 Checking for update using Github
2024-07-08 11:27:34 Success.
2024-07-08 11:27:34 Latest version is 1.6.5
2024-07-08 11:27:34 App is up to date.
2024-07-08 12:27:34 Checking for update using Github
2024-07-08 12:27:34 Success.
2024-07-08 12:27:34 Latest version is 1.6.5
2024-07-08 12:27:34 App is up to date.
2024-07-08 13:29:43 Checking for update using Github
2024-07-08 13:29:45 Success.
2024-07-08 13:29:45 Latest version is 1.6.5
2024-07-08 13:29:45 App is up to date.
2024-07-08 14:29:44 Checking for update using Github
2024-07-08 14:29:44 Success.
2024-07-08 14:29:44 Latest version is 1.6.5
2024-07-08 14:29:44 App is up to date.
2024-07-10 16:04:02 Loading updated app package /home/stephan/.config/obsidian/obsidian-1.6.5.asar
2024-07-10 16:04:02 Checking for update using Github
2024-07-10 16:04:02 Success.
2024-07-10 16:04:02 Latest version is 1.6.5
2024-07-10 16:04:02 App is up to date.
2024-07-10 17:04:02 Checking for update using Github
2024-07-10 17:04:02 Success.
2024-07-10 17:04:02 Latest version is 1.6.5
2024-07-10 17:04:02 App is up to date.
2024-07-10 18:04:02 Checking for update using Github
2024-07-10 18:04:02 Success.
2024-07-10 18:04:02 Latest version is 1.6.5
2024-07-10 18:04:02 App is up to date.
2024-07-10 19:04:02 Checking for update using Github
2024-07-10 19:04:02 Success.
2024-07-10 19:04:02 Latest version is 1.6.5
2024-07-10 19:04:02 App is up to date.
2024-07-10 20:04:02 Checking for update using Github
2024-07-10 20:04:02 Success.
2024-07-10 20:04:02 Latest version is 1.6.5
2024-07-10 20:04:02 App is up to date.
2024-07-10 21:04:02 Checking for update using Github
2024-07-10 21:04:02 Success.
2024-07-10 21:04:02 Latest version is 1.6.5
2024-07-10 21:04:02 App is up to date.
2024-07-10 22:04:02 Checking for update using Github
2024-07-10 22:04:03 Success.
2024-07-10 22:04:03 Latest version is 1.6.5
2024-07-10 22:04:03 App is up to date.
2024-07-10 23:04:03 Checking for update using Github
2024-07-10 23:04:03 Success.
2024-07-10 23:04:03 Latest version is 1.6.5
2024-07-10 23:04:03 App is up to date.
2024-07-11 00:04:03 Checking for update using Github
2024-07-11 00:04:03 Success.
2024-07-11 00:04:03 Latest version is 1.6.5
2024-07-11 00:04:03 App is up to date.
2024-07-11 01:04:03 Checking for update using Github
2024-07-11 01:04:03 Success.
2024-07-11 01:04:03 Latest version is 1.6.5
2024-07-11 01:04:03 App is up to date.
2024-07-11 02:04:03 Checking for update using Github
2024-07-11 02:04:03 Success.
2024-07-11 02:04:03 Latest version is 1.6.5
2024-07-11 02:04:03 App is up to date.
2024-07-11 03:04:03 Checking for update using Github
2024-07-11 03:04:03 Success.
2024-07-11 03:04:03 Latest version is 1.6.5
2024-07-11 03:04:03 App is up to date.
2024-07-11 04:04:03 Checking for update using Github
2024-07-11 04:04:03 Success.
2024-07-11 04:04:03 Latest version is 1.6.5
2024-07-11 04:04:03 App is up to date.
2024-07-11 05:04:03 Checking for update using Github
2024-07-11 05:04:03 Success.
2024-07-11 05:04:03 Latest version is 1.6.5
2024-07-11 05:04:03 App is up to date.
2024-07-11 06:04:03 Checking for update using Github
2024-07-11 06:04:03 Success.
2024-07-11 06:04:03 Latest version is 1.6.5
2024-07-11 06:04:03 App is up to date.
2024-07-11 07:42:19 Checking for update using Github
2024-07-11 07:42:19 Success.
2024-07-11 07:42:19 Latest version is 1.6.5
2024-07-11 07:42:19 App is up to date.
2024-07-11 08:42:20 Checking for update using Github
2024-07-11 08:42:20 Success.
2024-07-11 08:42:20 Latest version is 1.6.5
2024-07-11 08:42:20 App is up to date.
2024-07-11 09:42:20 Checking for update using Github
2024-07-11 09:42:20 Success.
2024-07-11 09:42:20 Latest version is 1.6.5
2024-07-11 09:42:20 App is up to date.
2024-07-11 10:42:20 Checking for update using Github
2024-07-11 10:42:20 Success.
2024-07-11 10:42:20 Latest version is 1.6.5
2024-07-11 10:42:20 App is up to date.
2024-07-11 13:51:22 Checking for update using Github
2024-07-11 13:51:23 Success.
2024-07-11 13:51:23 Latest version is 1.6.5
2024-07-11 13:51:23 App is up to date.
2024-07-11 14:51:23 Checking for update using Github
2024-07-11 14:51:23 Success.
2024-07-11 14:51:23 Latest version is 1.6.5
2024-07-11 14:51:23 App is up to date.
2024-07-11 16:59:29 Checking for update using Github
2024-07-11 16:59:29 Success.
2024-07-11 16:59:29 Latest version is 1.6.5
2024-07-11 16:59:29 App is up to date.
2024-07-11 21:46:26 Loading updated app package /home/stephan/.config/obsidian/obsidian-1.6.5.asar
2024-07-11 21:46:26 Checking for update using Github
2024-07-11 21:46:26 Success.
2024-07-11 21:46:26 Latest version is 1.6.5
2024-07-11 21:46:26 App is up to date.
2024-07-11 22:46:26 Checking for update using Github
2024-07-11 22:46:26 Success.
2024-07-11 22:46:26 Latest version is 1.6.5
2024-07-11 22:46:26 App is up to date.
2024-07-12 11:10:10 Loading updated app package /home/stephan/.config/obsidian/obsidian-1.6.5.asar
2024-07-12 11:10:10 Checking for update using Github
2024-07-12 11:10:10 Failed to check for update using Github (net::ERR_CERT_INVALID)
2024-07-12 11:10:10 Checking for update using obsidian.md
2024-07-12 11:10:10 Failed to check for update using obsidian.md (net::ERR_CERT_INVALID)
2024-07-12 12:45:25 Checking for update using Github
2024-07-12 12:45:25 Failed to check for update using Github (net::ERR_INTERNET_DISCONNECTED)
2024-07-12 12:45:25 Checking for update using obsidian.md
2024-07-12 12:45:25 Failed to check for update using obsidian.md (net::ERR_INTERNET_DISCONNECTED)
2024-07-12 13:45:25 Checking for update using Github
2024-07-12 13:45:25 Failed to check for update using Github (net::ERR_INTERNET_DISCONNECTED)
2024-07-12 13:45:25 Checking for update using obsidian.md
2024-07-12 13:45:25 Failed to check for update using obsidian.md (net::ERR_INTERNET_DISCONNECTED)
2024-07-12 16:33:47 Checking for update using Github
2024-07-12 16:33:47 Failed to check for update using Github (net::ERR_INTERNET_DISCONNECTED)
2024-07-12 16:33:47 Checking for update using obsidian.md
2024-07-12 16:33:47 Failed to check for update using obsidian.md (net::ERR_INTERNET_DISCONNECTED)
2024-07-17 10:02:35 Loading updated app package /home/stephan/.config/obsidian/obsidian-1.6.5.asar
2024-07-17 10:02:35 Checking for update using Github
2024-07-17 10:02:35 Success.
2024-07-17 10:02:35 Latest version is 1.6.5
2024-07-17 10:02:35 App is up to date.
2024-07-17 11:02:35 Checking for update using Github
2024-07-17 11:02:35 Success.
2024-07-17 11:02:35 Latest version is 1.6.5
2024-07-17 11:02:35 App is up to date.
2024-07-17 12:02:35 Checking for update using Github
2024-07-17 12:02:35 Success.
2024-07-17 12:02:35 Latest version is 1.6.5
2024-07-17 12:02:35 App is up to date.
2024-07-17 13:02:35 Checking for update using Github
2024-07-17 13:02:35 Success.
2024-07-17 13:02:35 Latest version is 1.6.5
2024-07-17 13:02:35 App is up to date.
2024-07-17 15:31:09 Loading updated app package /home/stephan/.config/obsidian/obsidian-1.6.5.asar
2024-07-17 15:31:09 Checking for update using Github
2024-07-17 15:31:09 Success.
2024-07-17 15:31:09 Latest version is 1.6.5
2024-07-17 15:31:09 App is up to date.
2024-07-24 08:42:21 Loading updated app package /home/stephan/.config/obsidian/obsidian-1.6.5.asar
2024-07-24 08:42:21 Checking for update using Github
2024-07-24 08:42:21 Success.
2024-07-24 08:42:21 Latest version is 1.6.7
2024-07-24 08:42:21 Downloading update from https://github.com/obsidianmd/obsidian-releases/releases/download/v1.6.7/obsidian-1.6.7.asar.gz
2024-07-24 08:42:22 Verifying hash & signature. Size= 7993245
2024-07-24 08:42:22 Saving file
2024-07-24 08:42:22 Update complete.
2024-07-24 09:42:21 Checking for update using Github
2024-07-24 09:42:21 Success.
2024-07-24 09:42:21 Latest version is 1.6.7
2024-07-24 09:42:21 An update is already downloaded.
2024-07-24 11:47:40 Checking for update using Github
2024-07-24 11:47:40 Success.
2024-07-24 11:47:40 Latest version is 1.6.7
2024-07-24 11:47:40 An update is already downloaded.
2024-08-24 12:40:59 Loading updated app package /home/stephan/.config/obsidian/obsidian-1.6.7.asar
2024-08-24 12:40:59 Checking for update using Github
2024-08-24 12:40:59 Success.
2024-08-24 12:40:59 Latest version is 1.6.7
2024-08-24 12:40:59 App is up to date.
2024-08-24 13:40:59 Checking for update using Github
2024-08-24 13:40:59 Success.
2024-08-24 13:40:59 Latest version is 1.6.7
2024-08-24 13:40:59 App is up to date.
2024-08-24 14:40:59 Checking for update using Github
2024-08-24 14:40:59 Success.
2024-08-24 14:40:59 Latest version is 1.6.7
2024-08-24 14:40:59 App is up to date.
2024-08-24 15:40:59 Checking for update using Github
2024-08-24 15:40:59 Success.
2024-08-24 15:40:59 Latest version is 1.6.7
2024-08-24 15:40:59 App is up to date.
2024-08-24 16:40:59 Checking for update using Github
2024-08-24 16:40:59 Success.
2024-08-24 16:40:59 Latest version is 1.6.7
2024-08-24 16:40:59 App is up to date.
2024-08-25 01:44:23 Loading updated app package /home/stephan/.config/obsidian/obsidian-1.6.7.asar
2024-08-25 01:44:23 Checking for update using Github
2024-08-25 01:44:23 Success.
2024-08-25 01:44:23 Latest version is 1.6.7
2024-08-25 01:44:23 App is up to date.
2024-08-26 08:11:21 Loading updated app package /home/stephan/.config/obsidian/obsidian-1.6.7.asar
2024-08-26 08:11:21 Checking for update using Github
2024-08-26 08:11:21 Success.
2024-08-26 08:11:21 Latest version is 1.6.7
2024-08-26 08:11:21 App is up to date.
2024-08-26 09:11:21 Checking for update using Github
2024-08-26 09:11:21 Success.
2024-08-26 09:11:21 Latest version is 1.6.7
2024-08-26 09:11:21 App is up to date.
2024-08-26 10:11:21 Checking for update using Github
2024-08-26 10:11:21 Success.
2024-08-26 10:11:21 Latest version is 1.6.7
2024-08-26 10:11:21 App is up to date.
2024-08-26 11:11:21 Checking for update using Github
2024-08-26 11:11:21 Success.
2024-08-26 11:11:21 Latest version is 1.6.7
2024-08-26 11:11:21 App is up to date.
2024-08-26 12:11:21 Checking for update using Github
2024-08-26 12:11:21 Success.
2024-08-26 12:11:21 Latest version is 1.6.7
2024-08-26 12:11:21 App is up to date.
2024-08-26 13:11:21 Checking for update using Github
2024-08-26 13:11:21 Success.
2024-08-26 13:11:21 Latest version is 1.6.7
2024-08-26 13:11:21 App is up to date.
2024-08-26 14:11:21 Checking for update using Github
2024-08-26 14:11:21 Success.
2024-08-26 14:11:21 Latest version is 1.6.7
2024-08-26 14:11:21 App is up to date.
2024-08-28 09:40:47 Loading updated app package /home/stephan/.config/obsidian/obsidian-1.6.7.asar
2024-08-28 09:40:47 Checking for update using Github
2024-08-28 09:40:47 Success.
2024-08-28 09:40:47 Latest version is 1.6.7
2024-08-28 09:40:47 App is up to date.
2024-08-28 10:40:47 Checking for update using Github
2024-08-28 10:40:47 Success.
2024-08-28 10:40:47 Latest version is 1.6.7
2024-08-28 10:40:47 App is up to date.
2024-08-28 11:40:47 Checking for update using Github
2024-08-28 11:40:47 Success.
2024-08-28 11:40:47 Latest version is 1.6.7
2024-08-28 11:40:47 App is up to date.
2024-08-28 12:40:47 Checking for update using Github
2024-08-28 12:40:47 Success.
2024-08-28 12:40:47 Latest version is 1.6.7
2024-08-28 12:40:47 App is up to date.
2024-08-28 13:40:47 Checking for update using Github
2024-08-28 13:40:47 Success.
2024-08-28 13:40:47 Latest version is 1.6.7
2024-08-28 13:40:47 App is up to date.
2024-08-28 14:40:47 Checking for update using Github
2024-08-28 14:40:47 Success.
2024-08-28 14:40:47 Latest version is 1.6.7
2024-08-28 14:40:47 App is up to date.
2024-08-28 15:40:47 Checking for update using Github
2024-08-28 15:40:47 Success.
2024-08-28 15:40:47 Latest version is 1.6.7
2024-08-28 15:40:47 App is up to date.
2024-08-28 16:40:48 Checking for update using Github
2024-08-28 16:40:48 Success.
2024-08-28 16:40:48 Latest version is 1.6.7
2024-08-28 16:40:48 App is up to date.
2024-08-31 22:21:45 Loading updated app package /home/stephan/.config/obsidian/obsidian-1.6.7.asar
2024-08-31 22:21:45 Checking for update using Github
2024-08-31 22:21:45 Success.
2024-08-31 22:21:45 Latest version is 1.6.7
2024-08-31 22:21:45 App is up to date.
2024-08-31 23:21:45 Checking for update using Github
2024-08-31 23:21:45 Success.
2024-08-31 23:21:45 Latest version is 1.6.7
2024-08-31 23:21:45 App is up to date.
2024-09-01 00:21:45 Checking for update using Github
2024-09-01 00:21:45 Success.
2024-09-01 00:21:45 Latest version is 1.6.7
2024-09-01 00:21:45 App is up to date.
2024-09-01 01:21:45 Checking for update using Github
2024-09-01 01:21:45 Success.
2024-09-01 01:21:45 Latest version is 1.6.7
2024-09-01 01:21:45 App is up to date.
2024-09-01 02:21:45 Checking for update using Github
2024-09-01 02:21:45 Success.
2024-09-01 02:21:45 Latest version is 1.6.7
2024-09-01 02:21:45 App is up to date.
2024-09-01 03:21:45 Checking for update using Github
2024-09-01 03:21:45 Success.
2024-09-01 03:21:45 Latest version is 1.6.7
2024-09-01 03:21:45 App is up to date.
2024-09-01 04:21:45 Checking for update using Github
2024-09-01 04:21:45 Success.
2024-09-01 04:21:45 Latest version is 1.6.7
2024-09-01 04:21:45 App is up to date.
2024-09-01 05:21:45 Checking for update using Github
2024-09-01 05:21:45 Success.
2024-09-01 05:21:45 Latest version is 1.6.7
2024-09-01 05:21:45 App is up to date.
2024-09-01 06:21:45 Checking for update using Github
2024-09-01 06:21:45 Success.
2024-09-01 06:21:45 Latest version is 1.6.7
2024-09-01 06:21:45 App is up to date.
2024-09-01 07:21:45 Checking for update using Github
2024-09-01 07:21:45 Success.
2024-09-01 07:21:45 Latest version is 1.6.7
2024-09-01 07:21:45 App is up to date.
2024-09-01 08:21:45 Checking for update using Github
2024-09-01 08:21:45 Success.
2024-09-01 08:21:45 Latest version is 1.6.7
2024-09-01 08:21:45 App is up to date.
2024-09-01 09:21:45 Checking for update using Github
2024-09-01 09:21:45 Success.
2024-09-01 09:21:45 Latest version is 1.6.7
2024-09-01 09:21:45 App is up to date.
